[debug] [2018-06-13T14:45:33.860Z] ----------------------------------------------------------------------
[debug] [2018-06-13T14:45:33.862Z] Command:       /Users/alongbottom/.nvm/versions/node/v9.11.1/bin/node /usr/local/bin/firebase deploy
[debug] [2018-06-13T14:45:33.862Z] CLI Version:   3.17.4
[debug] [2018-06-13T14:45:33.862Z] Platform:      darwin
[debug] [2018-06-13T14:45:33.862Z] Node Version:  v9.11.1
[debug] [2018-06-13T14:45:33.863Z] Time:          Wed Jun 13 2018 21:45:33 GMT+0700 (+07)
[debug] [2018-06-13T14:45:33.863Z] ----------------------------------------------------------------------
[debug] 
[debug] [2018-06-13T14:45:33.875Z] > command requires scopes: ["email","openid","https://www.googleapis.com/auth/cloudplatformprojects.readonly","https://www.googleapis.com/auth/firebase","https://www.googleapis.com/auth/cloud-platform"]
[debug] [2018-06-13T14:45:33.875Z] > authorizing via signed-in user
[debug] [2018-06-13T14:45:33.876Z] > refreshing access token with scopes: ["email","https://www.googleapis.com/auth/cloud-platform","https://www.googleapis.com/auth/cloudplatformprojects.readonly","https://www.googleapis.com/auth/firebase","openid"]
[debug] [2018-06-13T14:45:33.877Z] >>> HTTP REQUEST POST https://www.googleapis.com/oauth2/v3/token  
 { refresh_token: '1/_reb3RwCb6Xe2N57ZWVE5Awu1rM9E4LnAQFexneh0n8',
  client_id: '563584335869-fgrhgmd47bqnekij5i8b5pr03ho849e6.apps.googleusercontent.com',
  client_secret: 'j9iVZfS8kkCEFUPaAeJV0sAi',
  grant_type: 'refresh_token',
  scope: 'email https://www.googleapis.com/auth/cloud-platform https://www.googleapis.com/auth/cloudplatformprojects.readonly https://www.googleapis.com/auth/firebase openid' } 
 Wed Jun 13 2018 21:45:33 GMT+0700 (+07)
[debug] [2018-06-13T14:45:35.079Z] <<< HTTP RESPONSE 200
[debug] [2018-06-13T14:45:35.096Z] >>> HTTP REQUEST GET https://admin.firebase.com/v1/projects/redlettergospel-bab1a  
  
 Wed Jun 13 2018 21:45:35 GMT+0700 (+07)
[debug] [2018-06-13T14:45:36.520Z] <<< HTTP RESPONSE 200
[debug] [2018-06-13T14:45:36.521Z] >>> HTTP REQUEST GET https://admin.firebase.com/v1/database/redlettergospel-bab1a/tokens  
  
 Wed Jun 13 2018 21:45:36 GMT+0700 (+07)
[debug] [2018-06-13T14:45:37.741Z] <<< HTTP RESPONSE 200
[info] 
[info] === Deploying to 'redlettergospel-bab1a'...
[info] 
[info] i  deploying firestore, functions, hosting
[info] Running command: npm --prefix $RESOURCE_DIR run lint
[info] ✔  functions: Finished running predeploy script.
[info] i  firestore: checking firestore.rules for compilation errors...
[debug] [2018-06-13T14:45:40.472Z] >>> HTTP REQUEST POST https://firebaserules.googleapis.com/v1/projects/redlettergospel-bab1a:test  
 { source: { files: [ [Object] ] } } 
 Wed Jun 13 2018 21:45:40 GMT+0700 (+07)
[debug] [2018-06-13T14:45:41.735Z] <<< HTTP RESPONSE 200
[info] ✔  firestore: rules file firestore.rules compiled successfully
[debug] [2018-06-13T14:45:41.737Z] > [functions] package.json contents: {
  "name": "functions",
  "description": "Cloud Functions for Firebase",
  "scripts": {
    "lint": "./node_modules/.bin/eslint .",
    "serve": "firebase serve --only functions",
    "shell": "firebase experimental:functions:shell",
    "start": "npm run shell",
    "deploy": "firebase deploy --only functions",
    "logs": "firebase functions:log"
  },
  "dependencies": {
    "firebase-admin": "~5.8.1",
    "firebase-functions": "^0.8.1"
  },
  "devDependencies": {
    "eslint": "^4.12.0",
    "eslint-plugin-promise": "^3.6.0"
  },
  "private": true
}
[info] i  functions: ensuring necessary APIs are enabled...
[debug] [2018-06-13T14:45:41.738Z] >>> HTTP REQUEST GET https://servicemanagement.googleapis.com/v1/services/cloudfunctions.googleapis.com/projectSettings/redlettergospel-bab1a?view=CONSUMER_VIEW  
  
 Wed Jun 13 2018 21:45:41 GMT+0700 (+07)
[debug] [2018-06-13T14:45:41.739Z] >>> HTTP REQUEST GET https://servicemanagement.googleapis.com/v1/services/runtimeconfig.googleapis.com/projectSettings/redlettergospel-bab1a?view=CONSUMER_VIEW  
  
 Wed Jun 13 2018 21:45:41 GMT+0700 (+07)
[debug] [2018-06-13T14:45:43.239Z] <<< HTTP RESPONSE 200
[debug] [2018-06-13T14:45:43.386Z] <<< HTTP RESPONSE 200
[info] ✔  functions: all necessary APIs are enabled
[debug] [2018-06-13T14:45:43.388Z] >>> HTTP REQUEST GET https://appengine.googleapis.com/v1/apps/redlettergospel-bab1a  
  
 Wed Jun 13 2018 21:45:43 GMT+0700 (+07)
[debug] [2018-06-13T14:45:43.388Z] >>> HTTP REQUEST GET https://apikeys.googleapis.com/v1/projects/redlettergospel-bab1a/apiKeys  
  
 Wed Jun 13 2018 21:45:43 GMT+0700 (+07)
[debug] [2018-06-13T14:45:44.545Z] <<< HTTP RESPONSE 200
[debug] [2018-06-13T14:45:44.708Z] <<< HTTP RESPONSE 200
[info] i  firestore: uploading rules firestore.rules...
[debug] [2018-06-13T14:45:44.712Z] >>> HTTP REQUEST POST https://firebaserules.googleapis.com/v1/projects/redlettergospel-bab1a/rulesets  
 { source: { files: [ [Object] ] } } 
 Wed Jun 13 2018 21:45:44 GMT+0700 (+07)
[debug] [2018-06-13T14:45:44.713Z] >>> HTTP REQUEST GET https://firestore.googleapis.com/v1beta1/projects/redlettergospel-bab1a/databases/(default)/indexes  
  
 Wed Jun 13 2018 21:45:44 GMT+0700 (+07)
[debug] [2018-06-13T14:45:45.759Z] <<< HTTP RESPONSE 200
[debug] [2018-06-13T14:45:45.760Z] [rules] created ruleset projects/redlettergospel-bab1a/rulesets/5c15b540-a8d2-43eb-b90d-227b98cecd4b
[debug] [2018-06-13T14:45:45.979Z] <<< HTTP RESPONSE 200
[info] i  functions: preparing functions directory for uploading...
[debug] [2018-06-13T14:45:45.981Z] >>> HTTP REQUEST GET https://runtimeconfig.googleapis.com/v1beta1/projects/redlettergospel-bab1a/configs  
  
 Wed Jun 13 2018 21:45:45 GMT+0700 (+07)
[debug] [2018-06-13T14:45:47.058Z] <<< HTTP RESPONSE 200
[info] i  hosting: preparing dist directory for upload...
[debug] [2018-06-13T14:45:47.360Z] >>> HTTP REQUEST PUT https://deploy.firebase.com/v1/hosting/redlettergospel-bab1a/uploads/-LEtb-z5oitzMXU-UQMz?fileCount=3&message=  
  
 Wed Jun 13 2018 21:45:47 GMT+0700 (+07)
[debug] [2018-06-13T14:45:50.004Z] <<< HTTP RESPONSE 200
[debug] [2018-06-13T14:45:50.004Z] [hosting] .tgz uploaded successfully, waiting for extraction
[info] ✔  hosting: 3 files uploaded successfully
[debug] [2018-06-13T14:45:50.996Z] [rules] releasing cloud.firestore with ruleset projects/redlettergospel-bab1a/rulesets/5c15b540-a8d2-43eb-b90d-227b98cecd4b
[debug] [2018-06-13T14:45:50.997Z] >>> HTTP REQUEST PATCH https://firebaserules.googleapis.com/v1/projects/redlettergospel-bab1a/releases/cloud.firestore  
 { release: 
   { name: 'projects/redlettergospel-bab1a/releases/cloud.firestore',
     rulesetName: 'projects/redlettergospel-bab1a/rulesets/5c15b540-a8d2-43eb-b90d-227b98cecd4b' } } 
 Wed Jun 13 2018 21:45:50 GMT+0700 (+07)
[debug] [2018-06-13T14:45:51.970Z] <<< HTTP RESPONSE 200
[debug] [2018-06-13T14:45:51.970Z] [rules] updated release projects/redlettergospel-bab1a/releases/cloud.firestore
[info] ✔  firestore: released rules firestore.rules to cloud.firestore
[debug] [2018-06-13T14:45:51.971Z] >>> HTTP REQUEST GET https://cloudfunctions.googleapis.com/v1/projects/redlettergospel-bab1a/locations/us-central1/functions  
  
 Wed Jun 13 2018 21:45:51 GMT+0700 (+07)
